16:55:57,216 INFO  ~ Starting C:\Users\luks_\Documents\dev\playapps\seupedido
16:55:57,232 INFO  ~ Module crud is available (C:\Users\luks_\Documents\dev\play-1.2.4\modules\crud)
16:55:57,245 INFO  ~ Module secure is available (C:\Users\luks_\Documents\dev\play-1.2.4\modules\secure)
16:56:01,201 WARN  ~ You're running Play! in DEV mode
16:56:01,440 INFO  ~ Listening for HTTP on port 9001 (Waiting a first request to start) ...
16:56:25,851 INFO  ~ Connected to jdbc:mysql://localhost/seupedid_bd?useUnicode=yes&characterEncoding=UTF-8&connectionCollation=utf8_general_ci
16:56:29,056 INFO  ~ Application 'seupedido' is now started !
17:03:09,487 ERROR ~ 

@76pk5h44m
Error during job execution (util.ScheduledJobs)

Execution exception (In /app/util/ScheduledJobs.java around line 35)
ClassCastException occured : models.Parameter cannot be cast to models.Parameter

play.exceptions.JavaExecutionException: models.Parameter cannot be cast to models.Parameter
	at play.jobs.Job.call(Job.java:155)
	at java.util.concurrent.FutureTask.run(FutureTask.java:262)
	at java.util.concurrent.ScheduledThreadPoolExecutor$ScheduledFutureTask.access$201(ScheduledThreadPoolExecutor.java:178)
	at java.util.concurrent.ScheduledThreadPoolExecutor$ScheduledFutureTask.run(ScheduledThreadPoolExecutor.java:292)
	at java.util.concurrent.ThreadPoolExecutor.runWorker(ThreadPoolExecutor.java:1145)
	at java.util.concurrent.ThreadPoolExecutor$Worker.run(ThreadPoolExecutor.java:615)
	at java.lang.Thread.run(Thread.java:745)
Caused by: java.lang.ClassCastException: models.Parameter cannot be cast to models.Parameter
	at util.ScheduledJobs.verifyIfLeadIsNotInSalesFunnel(ScheduledJobs.java:35)
	at util.ScheduledJobs.doJob(ScheduledJobs.java:29)
	at play.jobs.Job.doJobWithResult(Job.java:50)
	at play.jobs.Job.call(Job.java:146)
	... 6 more
17:09:08,242 ERROR ~ 

@76pk5h44n
Error during job execution (util.ScheduledJobs)

Execution exception (In /app/util/ScheduledJobs.java around line 35)
ClassCastException occured : models.Parameter cannot be cast to models.Parameter

play.exceptions.JavaExecutionException: models.Parameter cannot be cast to models.Parameter
	at play.jobs.Job.call(Job.java:155)
	at java.util.concurrent.FutureTask.run(FutureTask.java:262)
	at java.util.concurrent.ScheduledThreadPoolExecutor$ScheduledFutureTask.access$201(ScheduledThreadPoolExecutor.java:178)
	at java.util.concurrent.ScheduledThreadPoolExecutor$ScheduledFutureTask.run(ScheduledThreadPoolExecutor.java:292)
	at java.util.concurrent.ThreadPoolExecutor.runWorker(ThreadPoolExecutor.java:1145)
	at java.util.concurrent.ThreadPoolExecutor$Worker.run(ThreadPoolExecutor.java:615)
	at java.lang.Thread.run(Thread.java:745)
Caused by: java.lang.ClassCastException: models.Parameter cannot be cast to models.Parameter
	at util.ScheduledJobs.verifyIfLeadIsNotInSalesFunnel(ScheduledJobs.java:35)
	at util.ScheduledJobs.doJob(ScheduledJobs.java:29)
	at play.jobs.Job.doJobWithResult(Job.java:50)
	at play.jobs.Job.call(Job.java:146)
	... 6 more
17:15:25,625 ERROR ~ 

@76pk5h44o
Internal Server Error (500) for request POST /pesquisa-obrigado

Template execution error (In /app/views/Application/leadSearch.html around line 147)
Execution error occured in template /app/views/Application/leadSearch.html. Exception raised was NullPointerException : Cannot get property 'profession' on null object.

play.exceptions.TemplateExecutionException: Cannot get property 'profession' on null object
	at play.templates.BaseTemplate.throwException(BaseTemplate.java:86)
	at play.templates.GroovyTemplate.internalRender(GroovyTemplate.java:257)
	at play.templates.Template.render(Template.java:26)
	at play.templates.GroovyTemplate.render(GroovyTemplate.java:187)
	at play.mvc.results.RenderTemplate.<init>(RenderTemplate.java:24)
	at play.mvc.Controller.renderTemplate(Controller.java:660)
	at play.mvc.Controller.renderTemplate(Controller.java:640)
	at play.mvc.Controller.render(Controller.java:695)
	at controllers.Application.sendAnswer(Application.java:763)
	at play.mvc.ActionInvoker.invokeWithContinuation(ActionInvoker.java:548)
	at play.mvc.ActionInvoker.invoke(ActionInvoker.java:502)
	at play.mvc.ActionInvoker.invokeControllerMethod(ActionInvoker.java:478)
	at play.mvc.ActionInvoker.invokeControllerMethod(ActionInvoker.java:473)
	at play.mvc.ActionInvoker.invoke(ActionInvoker.java:161)
	at Invocation.HTTP Request(Play!)
Caused by: java.lang.NullPointerException: Cannot get property 'profession' on null object
	at /app/views/Application/leadSearch.html.(line:147)
	at play.templates.JavaExtensions.toString(JavaExtensions.java:76)
	at play.templates.FastTags._form(FastTags.java:124)
	at play.templates.FastTags$_form.call(Unknown Source)
	at /app/views/Application/leadSearch.html.(line:110)
	at play.templates.GroovyTemplate.internalRender(GroovyTemplate.java:232)
	... 13 more
17:21:00,159 ERROR ~ 

@76pk5h44p
Error during job execution (util.ScheduledJobs)

Compilation error (In /app/controllers/Application.java around line 761)
The file /app/controllers/Application.java could not be compiled. Error raised is : The method validateSearchFields(String, boolean, Parameter, LeadSearchQuestion, MailList, String, LeadSearchAnswer) is undefined for the type Application

play.exceptions.CompilationException: The method validateSearchFields(String, boolean, Parameter, LeadSearchQuestion, MailList, String, LeadSearchAnswer) is undefined for the type Application
	at play.classloading.ApplicationCompiler$2.acceptResult(ApplicationCompiler.java:246)
	at org.eclipse.jdt.internal.compiler.Compiler.handleInternalException(Compiler.java:676)
	at org.eclipse.jdt.internal.compiler.Compiler.compile(Compiler.java:520)
	at play.classloading.ApplicationCompiler.compile(ApplicationCompiler.java:282)
	at play.classloading.ApplicationClasses$ApplicationClass.compile(ApplicationClasses.java:277)
	at play.classloading.ApplicationClassloader.detectChanges(ApplicationClassloader.java:322)
	at play.Play.detectChanges(Play.java:614)
	at play.Invoker$Invocation.init(Invoker.java:198)
	at play.jobs.Job.call(Job.java:138)
	at java.util.concurrent.FutureTask.run(FutureTask.java:262)
	at java.util.concurrent.ScheduledThreadPoolExecutor$ScheduledFutureTask.access$201(ScheduledThreadPoolExecutor.java:178)
	at java.util.concurrent.ScheduledThreadPoolExecutor$ScheduledFutureTask.run(ScheduledThreadPoolExecutor.java:292)
	at java.util.concurrent.ThreadPoolExecutor.runWorker(ThreadPoolExecutor.java:1145)
	at java.util.concurrent.ThreadPoolExecutor$Worker.run(ThreadPoolExecutor.java:615)
	at java.lang.Thread.run(Thread.java:745)
17:24:00,222 ERROR ~ 

@76pk5h450
Error during job execution (util.ScheduledJobs)

Compilation error (In /app/controllers/Application.java around line 779)
The file /app/controllers/Application.java could not be compiled. Error raised is : Syntax error on token ")", ) expected after this token

play.exceptions.CompilationException: Syntax error on token ")", ) expected after this token
	at play.classloading.ApplicationCompiler$2.acceptResult(ApplicationCompiler.java:246)
	at org.eclipse.jdt.internal.compiler.Compiler.compile(Compiler.java:478)
	at play.classloading.ApplicationCompiler.compile(ApplicationCompiler.java:282)
	at play.classloading.ApplicationClasses$ApplicationClass.compile(ApplicationClasses.java:277)
	at play.classloading.ApplicationClassloader.detectChanges(ApplicationClassloader.java:322)
	at play.Play.detectChanges(Play.java:614)
	at play.Invoker$Invocation.init(Invoker.java:198)
	at play.jobs.Job.call(Job.java:138)
	at java.util.concurrent.FutureTask.run(FutureTask.java:262)
	at java.util.concurrent.ScheduledThreadPoolExecutor$ScheduledFutureTask.access$201(ScheduledThreadPoolExecutor.java:178)
	at java.util.concurrent.ScheduledThreadPoolExecutor$ScheduledFutureTask.run(ScheduledThreadPoolExecutor.java:292)
	at java.util.concurrent.ThreadPoolExecutor.runWorker(ThreadPoolExecutor.java:1145)
	at java.util.concurrent.ThreadPoolExecutor$Worker.run(ThreadPoolExecutor.java:615)
	at java.lang.Thread.run(Thread.java:745)
17:27:07,264 ERROR ~ 

@76pk5h451
Error during job execution (util.ScheduledJobs)

Execution exception (In /app/util/ScheduledJobs.java around line 35)
ClassCastException occured : models.Parameter cannot be cast to models.Parameter

play.exceptions.JavaExecutionException: models.Parameter cannot be cast to models.Parameter
	at play.jobs.Job.call(Job.java:155)
	at java.util.concurrent.FutureTask.run(FutureTask.java:262)
	at java.util.concurrent.ScheduledThreadPoolExecutor$ScheduledFutureTask.access$201(ScheduledThreadPoolExecutor.java:178)
	at java.util.concurrent.ScheduledThreadPoolExecutor$ScheduledFutureTask.run(ScheduledThreadPoolExecutor.java:292)
	at java.util.concurrent.ThreadPoolExecutor.runWorker(ThreadPoolExecutor.java:1145)
	at java.util.concurrent.ThreadPoolExecutor$Worker.run(ThreadPoolExecutor.java:615)
	at java.lang.Thread.run(Thread.java:745)
Caused by: java.lang.ClassCastException: models.Parameter cannot be cast to models.Parameter
	at util.ScheduledJobs.verifyIfLeadIsNotInSalesFunnel(ScheduledJobs.java:35)
	at util.ScheduledJobs.doJob(ScheduledJobs.java:29)
	at play.jobs.Job.doJobWithResult(Job.java:50)
	at play.jobs.Job.call(Job.java:146)
	... 6 more
17:51:04,405 ERROR ~ 

@76pk5h452
Error during job execution (util.ScheduledJobs)

Execution exception (In /app/util/ScheduledJobs.java around line 35)
ClassCastException occured : models.Parameter cannot be cast to models.Parameter

play.exceptions.JavaExecutionException: models.Parameter cannot be cast to models.Parameter
	at play.jobs.Job.call(Job.java:155)
	at java.util.concurrent.FutureTask.run(FutureTask.java:262)
	at java.util.concurrent.ScheduledThreadPoolExecutor$ScheduledFutureTask.access$201(ScheduledThreadPoolExecutor.java:178)
	at java.util.concurrent.ScheduledThreadPoolExecutor$ScheduledFutureTask.run(ScheduledThreadPoolExecutor.java:292)
	at java.util.concurrent.ThreadPoolExecutor.runWorker(ThreadPoolExecutor.java:1145)
	at java.util.concurrent.ThreadPoolExecutor$Worker.run(ThreadPoolExecutor.java:615)
	at java.lang.Thread.run(Thread.java:745)
Caused by: java.lang.ClassCastException: models.Parameter cannot be cast to models.Parameter
	at util.ScheduledJobs.verifyIfLeadIsNotInSalesFunnel(ScheduledJobs.java:35)
	at util.ScheduledJobs.doJob(ScheduledJobs.java:29)
	at play.jobs.Job.doJobWithResult(Job.java:50)
	at play.jobs.Job.call(Job.java:146)
	... 6 more
